CUITS_23_24/Library/Bee/Android/Prj/IL2CPP/Gradle/unityLibrary/build/intermediates/manifest_merge_blame_file/release/manifest-merger-blame-release-report.txt
1<?xml version="1.0" encoding="utf-8"?>
2<manifest xmlns:android="http://schemas.android.com/apk/res/android"
3    xmlns:tools="http://schemas.android.com/tools"
4    package="com.unity3d.player" >
5
6    <uses-sdk
7        android:minSdkVersion="22"
7-->src\main\AndroidManifest.xml
8        android:targetSdkVersion="32" />
8-->src\main\AndroidManifest.xml
9
10    <uses-permission android:name="android.permission.INTERNET" />
10-->src\main\AndroidManifest.xml:3:3-65
10-->src\main\AndroidManifest.xml:3:20-62
11
12    <uses-feature android:glEsVersion="0x00030000" />
12-->src\main\AndroidManifest.xml:4:3-52
12-->src\main\AndroidManifest.xml:4:17-49
13    <uses-feature
13-->src\main\AndroidManifest.xml:5:3-91
14        android:name="android.hardware.vulkan.version"
14-->src\main\AndroidManifest.xml:5:17-63
15        android:required="false" />
15-->src\main\AndroidManifest.xml:5:64-88
16    <uses-feature
16-->src\main\AndroidManifest.xml:6:3-88
17        android:name="android.hardware.touchscreen"
17-->src\main\AndroidManifest.xml:6:17-60
18        android:required="false" />
18-->src\main\AndroidManifest.xml:6:61-85
19    <uses-feature
19-->src\main\AndroidManifest.xml:7:3-99
20        android:name="android.hardware.touchscreen.multitouch"
20-->src\main\AndroidManifest.xml:7:17-71
21        android:required="false" />
21-->src\main\AndroidManifest.xml:7:72-96
22    <uses-feature
22-->src\main\AndroidManifest.xml:8:3-108
23        android:name="android.hardware.touchscreen.multitouch.distinct"
23-->src\main\AndroidManifest.xml:8:17-80
24        android:required="false" />
24-->src\main\AndroidManifest.xml:8:81-105
25
26    <uses-permission android:name="com.oculus.permission.HAND_TRACKING" />
26-->src\main\AndroidManifest.xml:27:3-73
26-->src\main\AndroidManifest.xml:27:20-70
27
28    <uses-feature
28-->src\main\AndroidManifest.xml:28:3-88
29        android:name="oculus.software.handtracking"
29-->src\main\AndroidManifest.xml:28:17-60
30        android:required="False" />
30-->src\main\AndroidManifest.xml:28:61-85
31
32    <uses-permission android:name="com.oculus.permission.RENDER_MODEL" />
32-->src\main\AndroidManifest.xml:29:3-72
32-->src\main\AndroidManifest.xml:29:20-69
33
34    <uses-feature android:name="com.oculus.feature.RENDER_MODEL" />
34-->src\main\AndroidManifest.xml:30:3-66
34-->src\main\AndroidManifest.xml:30:17-63
35
36    <application android:extractNativeLibs="true" >
36-->src\main\AndroidManifest.xml:9:3-26:17
36-->src\main\AndroidManifest.xml:9:16-48
37        <meta-data
37-->src\main\AndroidManifest.xml:10:5-69
38            android:name="unity.splash-mode"
38-->src\main\AndroidManifest.xml:10:16-48
39            android:value="0" />
39-->src\main\AndroidManifest.xml:10:49-66
40        <meta-data
40-->src\main\AndroidManifest.xml:11:5-74
41            android:name="unity.splash-enable"
41-->src\main\AndroidManifest.xml:11:16-50
42            android:value="True" />
42-->src\main\AndroidManifest.xml:11:51-71
43        <meta-data
43-->src\main\AndroidManifest.xml:12:5-78
44            android:name="unity.launch-fullscreen"
44-->src\main\AndroidManifest.xml:12:16-54
45            android:value="True" />
45-->src\main\AndroidManifest.xml:12:55-75
46        <meta-data
46-->src\main\AndroidManifest.xml:13:5-84
47            android:name="unity.allow-resizable-window"
47-->src\main\AndroidManifest.xml:13:16-59
48            android:value="False" />
48-->src\main\AndroidManifest.xml:13:60-81
49        <meta-data
49-->src\main\AndroidManifest.xml:14:5-81
50            android:name="notch.config"
50-->src\main\AndroidManifest.xml:14:16-43
51            android:value="portrait|landscape" />
51-->src\main\AndroidManifest.xml:14:44-78
52        <meta-data
52-->src\main\AndroidManifest.xml:15:5-84
53            android:name="unity.auto-report-fully-drawn"
53-->src\main\AndroidManifest.xml:15:16-60
54            android:value="true" />
54-->src\main\AndroidManifest.xml:15:61-81
55
56        <activity
56-->src\main\AndroidManifest.xml:16:5-24:16
57            android:name="com.unity3d.player.UnityPlayerActivity"
57-->src\main\AndroidManifest.xml:16:15-68
58            android:configChanges="mcc|mnc|locale|touchscreen|keyboard|keyboardHidden|navigation|orientation|screenLayout|uiMode|screenSize|smallestScreenSize|fontScale|layoutDirection|density"
58-->src\main\AndroidManifest.xml:16:180-361
59            android:exported="true"
59-->src\main\AndroidManifest.xml:16:433-456
60            android:hardwareAccelerated="false"
60-->src\main\AndroidManifest.xml:16:397-432
61            android:launchMode="singleTask"
61-->src\main\AndroidManifest.xml:16:148-179
62            android:resizeableActivity="false"
62-->src\main\AndroidManifest.xml:16:362-396
63            android:screenOrientation="fullUser"
63-->src\main\AndroidManifest.xml:16:111-147
64            android:theme="@style/UnityThemeSelector" >
64-->src\main\AndroidManifest.xml:16:69-110
65            <intent-filter>
65-->src\main\AndroidManifest.xml:17:7-21:23
66                <category android:name="android.intent.category.LAUNCHER" />
66-->src\main\AndroidManifest.xml:18:9-69
66-->src\main\AndroidManifest.xml:18:19-66
67
68                <action android:name="android.intent.action.MAIN" />
68-->src\main\AndroidManifest.xml:19:9-61
68-->src\main\AndroidManifest.xml:19:17-58
69
70                <category android:name="com.oculus.intent.category.VR" />
70-->src\main\AndroidManifest.xml:20:9-66
70-->src\main\AndroidManifest.xml:20:19-63
71            </intent-filter>
72
73            <meta-data
73-->src\main\AndroidManifest.xml:22:7-82
74                android:name="unityplayer.UnityActivity"
74-->src\main\AndroidManifest.xml:22:18-58
75                android:value="true" />
75-->src\main\AndroidManifest.xml:22:59-79
76            <meta-data
76-->src\main\AndroidManifest.xml:23:7-70
77                android:name="notch_support"
77-->src\main\AndroidManifest.xml:23:18-46
78                android:value="true" />
78-->src\main\AndroidManifest.xml:23:47-67
79        </activity>
80
81        <meta-data
81-->src\main\AndroidManifest.xml:25:5-86
82            android:name="com.oculus.handtracking.version"
82-->src\main\AndroidManifest.xml:25:16-62
83            android:value="V2.0" />
83-->src\main\AndroidManifest.xml:25:63-83
84    </application>
85
86</manifest>